[debug] [2021-12-02T16:23:31.283Z] ----------------------------------------------------------------------
[debug] [2021-12-02T16:23:31.306Z] Command:       C:\Program Files\nodejs\node.exe C:\Users\user\AppData\Roaming\npm\node_modules\firebase-tools\lib\bin\firebase.js serve --only functions
[debug] [2021-12-02T16:23:31.310Z] CLI Version:   9.18.0
[debug] [2021-12-02T16:23:31.311Z] Platform:      win32
[debug] [2021-12-02T16:23:31.311Z] Node Version:  v16.9.0
[debug] [2021-12-02T16:23:31.320Z] Time:          Thu Dec 02 2021 19:23:31 GMT+0300 (East Africa Time)
[debug] [2021-12-02T16:23:31.322Z] ----------------------------------------------------------------------
[debug] 
[debug] [2021-12-02T16:23:32.563Z] > command requires scopes: ["email","openid","https://www.googleapis.com/auth/cloudplatformprojects.readonly","https://www.googleapis.com/auth/firebase","https://www.googleapis.com/auth/cloud-platform"]
[debug] [2021-12-02T16:23:32.566Z] > authorizing via signed-in user (patpal911@gmail.com)
[debug] [2021-12-02T16:23:32.567Z] [iam] checking project whatsapp-bot-b9fde for permissions ["firebase.projects.get"]
[debug] [2021-12-02T16:23:32.601Z] > refreshing access token with scopes: ["email","https://www.googleapis.com/auth/cloud-platform","https://www.googleapis.com/auth/cloudplatformprojects.readonly","https://www.googleapis.com/auth/firebase","openid"]
[debug] [2021-12-02T16:23:32.610Z] >>> HTTP REQUEST POST https://www.googleapis.com/oauth2/v3/token  
 <request body omitted>
[debug] [2021-12-02T16:23:32.967Z] [iam] error while checking permissions, command may fail: FirebaseError: Authentication Error: Your credentials are no longer valid. Please run firebase login --reauth

For CI servers and headless environments, generate a new token with firebase login:ci
[debug] [2021-12-02T16:23:32.986Z] > refreshing access token with scopes: []
[debug] [2021-12-02T16:23:32.987Z] >>> HTTP REQUEST POST https://www.googleapis.com/oauth2/v3/token  
 <request body omitted>
[debug] [2021-12-02T16:23:33.104Z] Authentication Error: Your credentials are no longer valid. Please run firebase login --reauth

For CI servers and headless environments, generate a new token with firebase login:ci
[debug] [2021-12-02T16:23:33.194Z] FirebaseError: Authentication Error: Your credentials are no longer valid. Please run firebase login --reauth

For CI servers and headless environments, generate a new token with firebase login:ci
    at invalidCredentialError (C:\Users\user\AppData\Roaming\npm\node_modules\firebase-tools\lib\auth.js:141:12)
    at refreshTokens (C:\Users\user\AppData\Roaming\npm\node_modules\firebase-tools\lib\auth.js:448:15)
    at processTicksAndRejections (node:internal/process/task_queues:96:5)
    at async Client.getAccessToken (C:\Users\user\AppData\Roaming\npm\node_modules\firebase-tools\lib\apiv2.js:144:23)
    at async Client.addAuthHeader (C:\Users\user\AppData\Roaming\npm\node_modules\firebase-tools\lib\apiv2.js:135:21)
    at async Client.request (C:\Users\user\AppData\Roaming\npm\node_modules\firebase-tools\lib\apiv2.js:93:34)
    at async Object.getFirebaseProject (C:\Users\user\AppData\Roaming\npm\node_modules\firebase-tools\lib\management\projects.js:290:21)
    at async needProjectNumber (C:\Users\user\AppData\Roaming\npm\node_modules\firebase-tools\lib\projectUtils.js:46:22)
    at async C:\Users\user\AppData\Roaming\npm\node_modules\firebase-tools\lib\command.js:188:17
[error] 
[error] Error: Failed to get Firebase project whatsapp-bot-b9fde. Please make sure the project exists and your account has permission to access it.
